{"C:\\Users\\USER\\New4\\home\\lambda\\ui-generator\\device-to-ui-layout.ts": {"path":"C:\\Users\\USER\\New4\\home\\lambda\\ui-generator\\device-to-ui-layout.ts","statementMap":{"0":{"start":{"line":5,"column":0},"end":{"line":5,"column":16}},"1":{"start":{"line":3,"column":0},"end":{"line":3,"column":56}},"2":{"start":{"line":6,"column":2},"end":{"line":71,"column":3}},"3":{"start":{"line":8,"column":4},"end":{"line":11,"column":5}},"4":{"start":{"line":9,"column":6},"end":{"line":9,"column":51}},"5":{"start":{"line":10,"column":6},"end":{"line":10,"column":18}},"6":{"start":{"line":14,"column":33},"end":{"line":25,"column":6}},"7":{"start":{"line":28,"column":38},"end":{"line":34,"column":6}},"8":{"start":{"line":36,"column":29},"end":{"line":44,"column":6}},"9":{"start":{"line":47,"column":4},"end":{"line":63,"column":5}},"10":{"start":{"line":48,"column":6},"end":{"line":62,"column":7}},"11":{"start":{"line":50,"column":10},"end":{"line":50,"column":73}},"12":{"start":{"line":51,"column":10},"end":{"line":51,"column":16}},"13":{"start":{"line":53,"column":10},"end":{"line":53,"column":72}},"14":{"start":{"line":54,"column":10},"end":{"line":54,"column":16}},"15":{"start":{"line":56,"column":10},"end":{"line":56,"column":79}},"16":{"start":{"line":57,"column":10},"end":{"line":57,"column":16}},"17":{"start":{"line":60,"column":10},"end":{"line":60,"column":72}},"18":{"start":{"line":61,"column":10},"end":{"line":61,"column":22}},"19":{"start":{"line":66,"column":4},"end":{"line":66,"column":27}},"20":{"start":{"line":67,"column":4},"end":{"line":67,"column":18}},"21":{"start":{"line":69,"column":4},"end":{"line":69,"column":59}},"22":{"start":{"line":70,"column":4},"end":{"line":70,"column":16}},"23":{"start":{"line":76,"column":23},"end":{"line":76,"column":55}},"24":{"start":{"line":79,"column":2},"end":{"line":108,"column":5}},"25":{"start":{"line":81,"column":4},"end":{"line":93,"column":7}},"26":{"start":{"line":96,"column":4},"end":{"line":107,"column":7}},"27":{"start":{"line":111,"column":2},"end":{"line":150,"column":3}},"28":{"start":{"line":113,"column":4},"end":{"line":130,"column":7}},"29":{"start":{"line":120,"column":74},"end":{"line":128,"column":11}},"30":{"start":{"line":133,"column":4},"end":{"line":149,"column":7}},"31":{"start":{"line":139,"column":74},"end":{"line":147,"column":11}},"32":{"start":{"line":155,"column":2},"end":{"line":211,"column":3}},"33":{"start":{"line":156,"column":4},"end":{"line":177,"column":7}},"34":{"start":{"line":158,"column":6},"end":{"line":166,"column":9}},"35":{"start":{"line":169,"column":6},"end":{"line":176,"column":9}},"36":{"start":{"line":181,"column":4},"end":{"line":195,"column":7}},"37":{"start":{"line":186,"column":48},"end":{"line":190,"column":10}},"38":{"start":{"line":198,"column":4},"end":{"line":210,"column":7}},"39":{"start":{"line":202,"column":48},"end":{"line":206,"column":10}},"40":{"start":{"line":216,"column":23},"end":{"line":216,"column":55}},"41":{"start":{"line":219,"column":2},"end":{"line":248,"column":5}},"42":{"start":{"line":221,"column":4},"end":{"line":233,"column":7}},"43":{"start":{"line":236,"column":4},"end":{"line":247,"column":7}},"44":{"start":{"line":251,"column":2},"end":{"line":282,"column":3}},"45":{"start":{"line":253,"column":4},"end":{"line":265,"column":7}},"46":{"start":{"line":268,"column":4},"end":{"line":281,"column":7}},"47":{"start":{"line":286,"column":2},"end":{"line":294,"column":3}},"48":{"start":{"line":287,"column":20},"end":{"line":287,"column":31}},"49":{"start":{"line":288,"column":20},"end":{"line":288,"column":31}},"50":{"start":{"line":289,"column":18},"end":{"line":289,"column":28}},"51":{"start":{"line":290,"column":24},"end":{"line":290,"column":34}},"52":{"start":{"line":291,"column":21},"end":{"line":291,"column":32}},"53":{"start":{"line":292,"column":16},"end":{"line":292,"column":28}},"54":{"start":{"line":293,"column":13},"end":{"line":293,"column":24}},"55":{"start":{"line":298,"column":2},"end":{"line":301,"column":3}},"56":{"start":{"line":299,"column":24},"end":{"line":299,"column":35}},"57":{"start":{"line":300,"column":13},"end":{"line":300,"column":22}}},"fnMap":{"0":{"name":"convertDeviceToUI","decl":{"start":{"line":5,"column":16},"end":{"line":5,"column":33}},"loc":{"start":{"line":5,"column":60},"end":{"line":72,"column":1}}},"1":{"name":"addEnergyMeterComponents","decl":{"start":{"line":74,"column":9},"end":{"line":74,"column":33}},"loc":{"start":{"line":74,"column":99},"end":{"line":151,"column":1}}},"2":{"name":"(anonymous_2)","decl":{"start":{"line":79,"column":39},"end":{"line":79,"column":40}},"loc":{"start":{"line":79,"column":62},"end":{"line":108,"column":3}}},"3":{"name":"(anonymous_3)","decl":{"start":{"line":120,"column":50},"end":{"line":120,"column":51}},"loc":{"start":{"line":120,"column":73},"end":{"line":128,"column":11}}},"4":{"name":"(anonymous_4)","decl":{"start":{"line":139,"column":50},"end":{"line":139,"column":51}},"loc":{"start":{"line":139,"column":73},"end":{"line":147,"column":11}}},"5":{"name":"addIrrigationComponents","decl":{"start":{"line":153,"column":9},"end":{"line":153,"column":32}},"loc":{"start":{"line":153,"column":98},"end":{"line":212,"column":1}}},"6":{"name":"(anonymous_6)","decl":{"start":{"line":156,"column":32},"end":{"line":156,"column":36}},"loc":{"start":{"line":156,"column":39},"end":{"line":177,"column":5}}},"7":{"name":"(anonymous_7)","decl":{"start":{"line":186,"column":39},"end":{"line":186,"column":43}},"loc":{"start":{"line":186,"column":48},"end":{"line":190,"column":10}}},"8":{"name":"(anonymous_8)","decl":{"start":{"line":202,"column":39},"end":{"line":202,"column":43}},"loc":{"start":{"line":202,"column":48},"end":{"line":206,"column":10}}},"9":{"name":"addEnvironmentSensorComponents","decl":{"start":{"line":214,"column":9},"end":{"line":214,"column":39}},"loc":{"start":{"line":214,"column":105},"end":{"line":283,"column":1}}},"10":{"name":"(anonymous_10)","decl":{"start":{"line":219,"column":39},"end":{"line":219,"column":40}},"loc":{"start":{"line":219,"column":62},"end":{"line":248,"column":3}}},"11":{"name":"getMaxValueForType","decl":{"start":{"line":285,"column":9},"end":{"line":285,"column":27}},"loc":{"start":{"line":285,"column":40},"end":{"line":295,"column":1}}},"12":{"name":"getMinValueForType","decl":{"start":{"line":297,"column":9},"end":{"line":297,"column":27}},"loc":{"start":{"line":297,"column":40},"end":{"line":302,"column":1}}}},"branchMap":{"0":{"loc":{"start":{"line":8,"column":4},"end":{"line":11,"column":5}},"type":"if","locations":[{"start":{"line":8,"column":4},"end":{"line":11,"column":5}}]},"1":{"loc":{"start":{"line":8,"column":8},"end":{"line":8,"column":79}},"type":"binary-expr","locations":[{"start":{"line":8,"column":8},"end":{"line":8,"column":21}},{"start":{"line":8,"column":25},"end":{"line":8,"column":57}},{"start":{"line":8,"column":61},"end":{"line":8,"column":79}}]},"2":{"loc":{"start":{"line":16,"column":13},"end":{"line":16,"column":88}},"type":"binary-expr","locations":[{"start":{"line":16,"column":13},"end":{"line":16,"column":38}},{"start":{"line":16,"column":42},"end":{"line":16,"column":88}}]},"3":{"loc":{"start":{"line":16,"column":13},"end":{"line":16,"column":38}},"type":"cond-expr","locations":[{"start":{"line":16,"column":32},"end":{"line":16,"column":34}},{"start":{"line":16,"column":32},"end":{"line":16,"column":38}}]},"4":{"loc":{"start":{"line":16,"column":13},"end":{"line":16,"column":34}},"type":"binary-expr","locations":[{"start":{"line":16,"column":13},"end":{"line":16,"column":34}},{"start":{"line":16,"column":32},"end":{"line":16,"column":34}}]},"5":{"loc":{"start":{"line":16,"column":52},"end":{"line":16,"column":86}},"type":"binary-expr","locations":[{"start":{"line":16,"column":52},"end":{"line":16,"column":73}},{"start":{"line":16,"column":77},"end":{"line":16,"column":86}}]},"6":{"loc":{"start":{"line":21,"column":17},"end":{"line":21,"column":54}},"type":"binary-expr","locations":[{"start":{"line":21,"column":17},"end":{"line":21,"column":42}},{"start":{"line":21,"column":46},"end":{"line":21,"column":54}}]},"7":{"loc":{"start":{"line":21,"column":17},"end":{"line":21,"column":42}},"type":"cond-expr","locations":[{"start":{"line":21,"column":36},"end":{"line":21,"column":38}},{"start":{"line":21,"column":36},"end":{"line":21,"column":42}}]},"8":{"loc":{"start":{"line":21,"column":17},"end":{"line":21,"column":38}},"type":"binary-expr","locations":[{"start":{"line":21,"column":17},"end":{"line":21,"column":38}},{"start":{"line":21,"column":36},"end":{"line":21,"column":38}}]},"9":{"loc":{"start":{"line":22,"column":20},"end":{"line":22,"column":52}},"type":"binary-expr","locations":[{"start":{"line":22,"column":20},"end":{"line":22,"column":46}},{"start":{"line":22,"column":50},"end":{"line":22,"column":52}}]},"10":{"loc":{"start":{"line":22,"column":20},"end":{"line":22,"column":46}},"type":"cond-expr","locations":[{"start":{"line":22,"column":39},"end":{"line":22,"column":41}},{"start":{"line":22,"column":39},"end":{"line":22,"column":46}}]},"11":{"loc":{"start":{"line":22,"column":20},"end":{"line":22,"column":41}},"type":"binary-expr","locations":[{"start":{"line":22,"column":20},"end":{"line":22,"column":41}},{"start":{"line":22,"column":39},"end":{"line":22,"column":41}}]},"12":{"loc":{"start":{"line":30,"column":13},"end":{"line":30,"column":50}},"type":"binary-expr","locations":[{"start":{"line":30,"column":13},"end":{"line":30,"column":38}},{"start":{"line":30,"column":42},"end":{"line":30,"column":50}}]},"13":{"loc":{"start":{"line":30,"column":13},"end":{"line":30,"column":38}},"type":"cond-expr","locations":[{"start":{"line":30,"column":32},"end":{"line":30,"column":34}},{"start":{"line":30,"column":32},"end":{"line":30,"column":38}}]},"14":{"loc":{"start":{"line":30,"column":13},"end":{"line":30,"column":34}},"type":"binary-expr","locations":[{"start":{"line":30,"column":13},"end":{"line":30,"column":34}},{"start":{"line":30,"column":32},"end":{"line":30,"column":34}}]},"15":{"loc":{"start":{"line":32,"column":18},"end":{"line":32,"column":50}},"type":"binary-expr","locations":[{"start":{"line":32,"column":18},"end":{"line":32,"column":44}},{"start":{"line":32,"column":48},"end":{"line":32,"column":50}}]},"16":{"loc":{"start":{"line":32,"column":18},"end":{"line":32,"column":44}},"type":"cond-expr","locations":[{"start":{"line":32,"column":37},"end":{"line":32,"column":39}},{"start":{"line":32,"column":37},"end":{"line":32,"column":44}}]},"17":{"loc":{"start":{"line":32,"column":18},"end":{"line":32,"column":39}},"type":"binary-expr","locations":[{"start":{"line":32,"column":18},"end":{"line":32,"column":39}},{"start":{"line":32,"column":37},"end":{"line":32,"column":39}}]},"18":{"loc":{"start":{"line":39,"column":18},"end":{"line":39,"column":59}},"type":"binary-expr","locations":[{"start":{"line":39,"column":18},"end":{"line":39,"column":39}},{"start":{"line":39,"column":43},"end":{"line":39,"column":59}}]},"19":{"loc":{"start":{"line":47,"column":4},"end":{"line":63,"column":5}},"type":"if","locations":[{"start":{"line":47,"column":4},"end":{"line":63,"column":5}}]},"20":{"loc":{"start":{"line":47,"column":8},"end":{"line":47,"column":48}},"type":"binary-expr","locations":[{"start":{"line":47,"column":8},"end":{"line":47,"column":25}},{"start":{"line":47,"column":29},"end":{"line":47,"column":48}}]},"21":{"loc":{"start":{"line":48,"column":6},"end":{"line":62,"column":7}},"type":"switch","locations":[{"start":{"line":49,"column":8},"end":{"line":51,"column":16}},{"start":{"line":52,"column":8},"end":{"line":54,"column":16}},{"start":{"line":55,"column":8},"end":{"line":57,"column":16}},{"start":{"line":58,"column":8},"end":{"line":61,"column":22}}]},"22":{"loc":{"start":{"line":76,"column":23},"end":{"line":76,"column":55}},"type":"binary-expr","locations":[{"start":{"line":76,"column":23},"end":{"line":76,"column":49}},{"start":{"line":76,"column":53},"end":{"line":76,"column":55}}]},"23":{"loc":{"start":{"line":88,"column":13},"end":{"line":88,"column":63}},"type":"cond-expr","locations":[{"start":{"line":88,"column":36},"end":{"line":88,"column":40}},{"start":{"line":88,"column":40},"end":{"line":88,"column":63}}]},"24":{"loc":{"start":{"line":88,"column":13},"end":{"line":88,"column":40}},"type":"binary-expr","locations":[{"start":{"line":88,"column":13},"end":{"line":88,"column":40}},{"start":{"line":88,"column":36},"end":{"line":88,"column":40}}]},"25":{"loc":{"start":{"line":88,"column":13},"end":{"line":88,"column":36}},"type":"cond-expr","locations":[{"start":{"line":88,"column":31},"end":{"line":88,"column":33}},{"start":{"line":88,"column":31},"end":{"line":88,"column":36}}]},"26":{"loc":{"start":{"line":88,"column":13},"end":{"line":88,"column":33}},"type":"binary-expr","locations":[{"start":{"line":88,"column":13},"end":{"line":88,"column":33}},{"start":{"line":88,"column":31},"end":{"line":88,"column":33}}]},"27":{"loc":{"start":{"line":89,"column":13},"end":{"line":89,"column":63}},"type":"cond-expr","locations":[{"start":{"line":89,"column":36},"end":{"line":89,"column":40}},{"start":{"line":89,"column":40},"end":{"line":89,"column":63}}]},"28":{"loc":{"start":{"line":89,"column":13},"end":{"line":89,"column":40}},"type":"binary-expr","locations":[{"start":{"line":89,"column":13},"end":{"line":89,"column":40}},{"start":{"line":89,"column":36},"end":{"line":89,"column":40}}]},"29":{"loc":{"start":{"line":89,"column":13},"end":{"line":89,"column":36}},"type":"cond-expr","locations":[{"start":{"line":89,"column":31},"end":{"line":89,"column":33}},{"start":{"line":89,"column":31},"end":{"line":89,"column":36}}]},"30":{"loc":{"start":{"line":89,"column":13},"end":{"line":89,"column":33}},"type":"binary-expr","locations":[{"start":{"line":89,"column":13},"end":{"line":89,"column":33}},{"start":{"line":89,"column":31},"end":{"line":89,"column":33}}]},"31":{"loc":{"start":{"line":90,"column":17},"end":{"line":90,"column":44}},"type":"cond-expr","locations":[{"start":{"line":90,"column":35},"end":{"line":90,"column":37}},{"start":{"line":90,"column":35},"end":{"line":90,"column":44}}]},"32":{"loc":{"start":{"line":90,"column":17},"end":{"line":90,"column":37}},"type":"binary-expr","locations":[{"start":{"line":90,"column":17},"end":{"line":90,"column":37}},{"start":{"line":90,"column":35},"end":{"line":90,"column":37}}]},"33":{"loc":{"start":{"line":91,"column":18},"end":{"line":91,"column":46}},"type":"cond-expr","locations":[{"start":{"line":91,"column":36},"end":{"line":91,"column":38}},{"start":{"line":91,"column":36},"end":{"line":91,"column":46}}]},"34":{"loc":{"start":{"line":91,"column":18},"end":{"line":91,"column":38}},"type":"binary-expr","locations":[{"start":{"line":91,"column":18},"end":{"line":91,"column":38}},{"start":{"line":91,"column":36},"end":{"line":91,"column":38}}]},"35":{"loc":{"start":{"line":102,"column":13},"end":{"line":102,"column":63}},"type":"cond-expr","locations":[{"start":{"line":102,"column":36},"end":{"line":102,"column":40}},{"start":{"line":102,"column":40},"end":{"line":102,"column":63}}]},"36":{"loc":{"start":{"line":102,"column":13},"end":{"line":102,"column":40}},"type":"binary-expr","locations":[{"start":{"line":102,"column":13},"end":{"line":102,"column":40}},{"start":{"line":102,"column":36},"end":{"line":102,"column":40}}]},"37":{"loc":{"start":{"line":102,"column":13},"end":{"line":102,"column":36}},"type":"cond-expr","locations":[{"start":{"line":102,"column":31},"end":{"line":102,"column":33}},{"start":{"line":102,"column":31},"end":{"line":102,"column":36}}]},"38":{"loc":{"start":{"line":102,"column":13},"end":{"line":102,"column":33}},"type":"binary-expr","locations":[{"start":{"line":102,"column":13},"end":{"line":102,"column":33}},{"start":{"line":102,"column":31},"end":{"line":102,"column":33}}]},"39":{"loc":{"start":{"line":103,"column":13},"end":{"line":103,"column":63}},"type":"cond-expr","locations":[{"start":{"line":103,"column":36},"end":{"line":103,"column":40}},{"start":{"line":103,"column":40},"end":{"line":103,"column":63}}]},"40":{"loc":{"start":{"line":103,"column":13},"end":{"line":103,"column":40}},"type":"binary-expr","locations":[{"start":{"line":103,"column":13},"end":{"line":103,"column":40}},{"start":{"line":103,"column":36},"end":{"line":103,"column":40}}]},"41":{"loc":{"start":{"line":103,"column":13},"end":{"line":103,"column":36}},"type":"cond-expr","locations":[{"start":{"line":103,"column":31},"end":{"line":103,"column":33}},{"start":{"line":103,"column":31},"end":{"line":103,"column":36}}]},"42":{"loc":{"start":{"line":103,"column":13},"end":{"line":103,"column":33}},"type":"binary-expr","locations":[{"start":{"line":103,"column":13},"end":{"line":103,"column":33}},{"start":{"line":103,"column":31},"end":{"line":103,"column":33}}]},"43":{"loc":{"start":{"line":104,"column":17},"end":{"line":104,"column":44}},"type":"cond-expr","locations":[{"start":{"line":104,"column":35},"end":{"line":104,"column":37}},{"start":{"line":104,"column":35},"end":{"line":104,"column":44}}]},"44":{"loc":{"start":{"line":104,"column":17},"end":{"line":104,"column":37}},"type":"binary-expr","locations":[{"start":{"line":104,"column":17},"end":{"line":104,"column":37}},{"start":{"line":104,"column":35},"end":{"line":104,"column":37}}]},"45":{"loc":{"start":{"line":105,"column":18},"end":{"line":105,"column":46}},"type":"cond-expr","locations":[{"start":{"line":105,"column":36},"end":{"line":105,"column":38}},{"start":{"line":105,"column":36},"end":{"line":105,"column":46}}]},"46":{"loc":{"start":{"line":105,"column":18},"end":{"line":105,"column":38}},"type":"binary-expr","locations":[{"start":{"line":105,"column":18},"end":{"line":105,"column":38}},{"start":{"line":105,"column":36},"end":{"line":105,"column":38}}]},"47":{"loc":{"start":{"line":111,"column":2},"end":{"line":150,"column":3}},"type":"if","locations":[{"start":{"line":111,"column":2},"end":{"line":150,"column":3}}]},"48":{"loc":{"start":{"line":124,"column":15},"end":{"line":124,"column":65}},"type":"cond-expr","locations":[{"start":{"line":124,"column":38},"end":{"line":124,"column":42}},{"start":{"line":124,"column":42},"end":{"line":124,"column":65}}]},"49":{"loc":{"start":{"line":124,"column":15},"end":{"line":124,"column":42}},"type":"binary-expr","locations":[{"start":{"line":124,"column":15},"end":{"line":124,"column":42}},{"start":{"line":124,"column":38},"end":{"line":124,"column":42}}]},"50":{"loc":{"start":{"line":124,"column":15},"end":{"line":124,"column":38}},"type":"cond-expr","locations":[{"start":{"line":124,"column":33},"end":{"line":124,"column":35}},{"start":{"line":124,"column":33},"end":{"line":124,"column":38}}]},"51":{"loc":{"start":{"line":124,"column":15},"end":{"line":124,"column":35}},"type":"binary-expr","locations":[{"start":{"line":124,"column":15},"end":{"line":124,"column":35}},{"start":{"line":124,"column":33},"end":{"line":124,"column":35}}]},"52":{"loc":{"start":{"line":125,"column":15},"end":{"line":125,"column":65}},"type":"cond-expr","locations":[{"start":{"line":125,"column":38},"end":{"line":125,"column":42}},{"start":{"line":125,"column":42},"end":{"line":125,"column":65}}]},"53":{"loc":{"start":{"line":125,"column":15},"end":{"line":125,"column":42}},"type":"binary-expr","locations":[{"start":{"line":125,"column":15},"end":{"line":125,"column":42}},{"start":{"line":125,"column":38},"end":{"line":125,"column":42}}]},"54":{"loc":{"start":{"line":125,"column":15},"end":{"line":125,"column":38}},"type":"cond-expr","locations":[{"start":{"line":125,"column":33},"end":{"line":125,"column":35}},{"start":{"line":125,"column":33},"end":{"line":125,"column":38}}]},"55":{"loc":{"start":{"line":125,"column":15},"end":{"line":125,"column":35}},"type":"binary-expr","locations":[{"start":{"line":125,"column":15},"end":{"line":125,"column":35}},{"start":{"line":125,"column":33},"end":{"line":125,"column":35}}]},"56":{"loc":{"start":{"line":126,"column":19},"end":{"line":126,"column":46}},"type":"cond-expr","locations":[{"start":{"line":126,"column":37},"end":{"line":126,"column":39}},{"start":{"line":126,"column":37},"end":{"line":126,"column":46}}]},"57":{"loc":{"start":{"line":126,"column":19},"end":{"line":126,"column":39}},"type":"binary-expr","locations":[{"start":{"line":126,"column":19},"end":{"line":126,"column":39}},{"start":{"line":126,"column":37},"end":{"line":126,"column":39}}]},"58":{"loc":{"start":{"line":127,"column":20},"end":{"line":127,"column":48}},"type":"cond-expr","locations":[{"start":{"line":127,"column":38},"end":{"line":127,"column":40}},{"start":{"line":127,"column":38},"end":{"line":127,"column":48}}]},"59":{"loc":{"start":{"line":127,"column":20},"end":{"line":127,"column":40}},"type":"binary-expr","locations":[{"start":{"line":127,"column":20},"end":{"line":127,"column":40}},{"start":{"line":127,"column":38},"end":{"line":127,"column":40}}]},"60":{"loc":{"start":{"line":143,"column":15},"end":{"line":143,"column":65}},"type":"cond-expr","locations":[{"start":{"line":143,"column":38},"end":{"line":143,"column":42}},{"start":{"line":143,"column":42},"end":{"line":143,"column":65}}]},"61":{"loc":{"start":{"line":143,"column":15},"end":{"line":143,"column":42}},"type":"binary-expr","locations":[{"start":{"line":143,"column":15},"end":{"line":143,"column":42}},{"start":{"line":143,"column":38},"end":{"line":143,"column":42}}]},"62":{"loc":{"start":{"line":143,"column":15},"end":{"line":143,"column":38}},"type":"cond-expr","locations":[{"start":{"line":143,"column":33},"end":{"line":143,"column":35}},{"start":{"line":143,"column":33},"end":{"line":143,"column":38}}]},"63":{"loc":{"start":{"line":143,"column":15},"end":{"line":143,"column":35}},"type":"binary-expr","locations":[{"start":{"line":143,"column":15},"end":{"line":143,"column":35}},{"start":{"line":143,"column":33},"end":{"line":143,"column":35}}]},"64":{"loc":{"start":{"line":144,"column":15},"end":{"line":144,"column":65}},"type":"cond-expr","locations":[{"start":{"line":144,"column":38},"end":{"line":144,"column":42}},{"start":{"line":144,"column":42},"end":{"line":144,"column":65}}]},"65":{"loc":{"start":{"line":144,"column":15},"end":{"line":144,"column":42}},"type":"binary-expr","locations":[{"start":{"line":144,"column":15},"end":{"line":144,"column":42}},{"start":{"line":144,"column":38},"end":{"line":144,"column":42}}]},"66":{"loc":{"start":{"line":144,"column":15},"end":{"line":144,"column":38}},"type":"cond-expr","locations":[{"start":{"line":144,"column":33},"end":{"line":144,"column":35}},{"start":{"line":144,"column":33},"end":{"line":144,"column":38}}]},"67":{"loc":{"start":{"line":144,"column":15},"end":{"line":144,"column":35}},"type":"binary-expr","locations":[{"start":{"line":144,"column":15},"end":{"line":144,"column":35}},{"start":{"line":144,"column":33},"end":{"line":144,"column":35}}]},"68":{"loc":{"start":{"line":145,"column":19},"end":{"line":145,"column":46}},"type":"cond-expr","locations":[{"start":{"line":145,"column":37},"end":{"line":145,"column":39}},{"start":{"line":145,"column":37},"end":{"line":145,"column":46}}]},"69":{"loc":{"start":{"line":145,"column":19},"end":{"line":145,"column":39}},"type":"binary-expr","locations":[{"start":{"line":145,"column":19},"end":{"line":145,"column":39}},{"start":{"line":145,"column":37},"end":{"line":145,"column":39}}]},"70":{"loc":{"start":{"line":146,"column":20},"end":{"line":146,"column":48}},"type":"cond-expr","locations":[{"start":{"line":146,"column":38},"end":{"line":146,"column":40}},{"start":{"line":146,"column":38},"end":{"line":146,"column":48}}]},"71":{"loc":{"start":{"line":146,"column":20},"end":{"line":146,"column":40}},"type":"binary-expr","locations":[{"start":{"line":146,"column":20},"end":{"line":146,"column":40}},{"start":{"line":146,"column":38},"end":{"line":146,"column":40}}]},"72":{"loc":{"start":{"line":155,"column":2},"end":{"line":211,"column":3}},"type":"if","locations":[{"start":{"line":155,"column":2},"end":{"line":211,"column":3}}]},"73":{"loc":{"start":{"line":191,"column":25},"end":{"line":191,"column":71}},"type":"binary-expr","locations":[{"start":{"line":191,"column":25},"end":{"line":191,"column":65}},{"start":{"line":191,"column":69},"end":{"line":191,"column":71}}]},"74":{"loc":{"start":{"line":191,"column":25},"end":{"line":191,"column":65}},"type":"cond-expr","locations":[{"start":{"line":191,"column":48},"end":{"line":191,"column":50}},{"start":{"line":191,"column":48},"end":{"line":191,"column":65}}]},"75":{"loc":{"start":{"line":191,"column":25},"end":{"line":191,"column":50}},"type":"binary-expr","locations":[{"start":{"line":191,"column":25},"end":{"line":191,"column":50}},{"start":{"line":191,"column":48},"end":{"line":191,"column":50}}]},"76":{"loc":{"start":{"line":192,"column":21},"end":{"line":192,"column":64}},"type":"binary-expr","locations":[{"start":{"line":192,"column":21},"end":{"line":192,"column":57}},{"start":{"line":192,"column":61},"end":{"line":192,"column":64}}]},"77":{"loc":{"start":{"line":192,"column":21},"end":{"line":192,"column":57}},"type":"cond-expr","locations":[{"start":{"line":192,"column":44},"end":{"line":192,"column":46}},{"start":{"line":192,"column":44},"end":{"line":192,"column":57}}]},"78":{"loc":{"start":{"line":192,"column":21},"end":{"line":192,"column":46}},"type":"binary-expr","locations":[{"start":{"line":192,"column":21},"end":{"line":192,"column":46}},{"start":{"line":192,"column":44},"end":{"line":192,"column":46}}]},"79":{"loc":{"start":{"line":207,"column":25},"end":{"line":207,"column":71}},"type":"binary-expr","locations":[{"start":{"line":207,"column":25},"end":{"line":207,"column":65}},{"start":{"line":207,"column":69},"end":{"line":207,"column":71}}]},"80":{"loc":{"start":{"line":207,"column":25},"end":{"line":207,"column":65}},"type":"cond-expr","locations":[{"start":{"line":207,"column":48},"end":{"line":207,"column":50}},{"start":{"line":207,"column":48},"end":{"line":207,"column":65}}]},"81":{"loc":{"start":{"line":207,"column":25},"end":{"line":207,"column":50}},"type":"binary-expr","locations":[{"start":{"line":207,"column":25},"end":{"line":207,"column":50}},{"start":{"line":207,"column":48},"end":{"line":207,"column":50}}]},"82":{"loc":{"start":{"line":208,"column":21},"end":{"line":208,"column":64}},"type":"binary-expr","locations":[{"start":{"line":208,"column":21},"end":{"line":208,"column":57}},{"start":{"line":208,"column":61},"end":{"line":208,"column":64}}]},"83":{"loc":{"start":{"line":208,"column":21},"end":{"line":208,"column":57}},"type":"cond-expr","locations":[{"start":{"line":208,"column":44},"end":{"line":208,"column":46}},{"start":{"line":208,"column":44},"end":{"line":208,"column":57}}]},"84":{"loc":{"start":{"line":208,"column":21},"end":{"line":208,"column":46}},"type":"binary-expr","locations":[{"start":{"line":208,"column":21},"end":{"line":208,"column":46}},{"start":{"line":208,"column":44},"end":{"line":208,"column":46}}]},"85":{"loc":{"start":{"line":216,"column":23},"end":{"line":216,"column":55}},"type":"binary-expr","locations":[{"start":{"line":216,"column":23},"end":{"line":216,"column":49}},{"start":{"line":216,"column":53},"end":{"line":216,"column":55}}]},"86":{"loc":{"start":{"line":228,"column":13},"end":{"line":228,"column":63}},"type":"cond-expr","locations":[{"start":{"line":228,"column":36},"end":{"line":228,"column":40}},{"start":{"line":228,"column":40},"end":{"line":228,"column":63}}]},"87":{"loc":{"start":{"line":228,"column":13},"end":{"line":228,"column":40}},"type":"binary-expr","locations":[{"start":{"line":228,"column":13},"end":{"line":228,"column":40}},{"start":{"line":228,"column":36},"end":{"line":228,"column":40}}]},"88":{"loc":{"start":{"line":228,"column":13},"end":{"line":228,"column":36}},"type":"cond-expr","locations":[{"start":{"line":228,"column":31},"end":{"line":228,"column":33}},{"start":{"line":228,"column":31},"end":{"line":228,"column":36}}]},"89":{"loc":{"start":{"line":228,"column":13},"end":{"line":228,"column":33}},"type":"binary-expr","locations":[{"start":{"line":228,"column":13},"end":{"line":228,"column":33}},{"start":{"line":228,"column":31},"end":{"line":228,"column":33}}]},"90":{"loc":{"start":{"line":229,"column":13},"end":{"line":229,"column":63}},"type":"cond-expr","locations":[{"start":{"line":229,"column":36},"end":{"line":229,"column":40}},{"start":{"line":229,"column":40},"end":{"line":229,"column":63}}]},"91":{"loc":{"start":{"line":229,"column":13},"end":{"line":229,"column":40}},"type":"binary-expr","locations":[{"start":{"line":229,"column":13},"end":{"line":229,"column":40}},{"start":{"line":229,"column":36},"end":{"line":229,"column":40}}]},"92":{"loc":{"start":{"line":229,"column":13},"end":{"line":229,"column":36}},"type":"cond-expr","locations":[{"start":{"line":229,"column":31},"end":{"line":229,"column":33}},{"start":{"line":229,"column":31},"end":{"line":229,"column":36}}]},"93":{"loc":{"start":{"line":229,"column":13},"end":{"line":229,"column":33}},"type":"binary-expr","locations":[{"start":{"line":229,"column":13},"end":{"line":229,"column":33}},{"start":{"line":229,"column":31},"end":{"line":229,"column":33}}]},"94":{"loc":{"start":{"line":230,"column":17},"end":{"line":230,"column":44}},"type":"cond-expr","locations":[{"start":{"line":230,"column":35},"end":{"line":230,"column":37}},{"start":{"line":230,"column":35},"end":{"line":230,"column":44}}]},"95":{"loc":{"start":{"line":230,"column":17},"end":{"line":230,"column":37}},"type":"binary-expr","locations":[{"start":{"line":230,"column":17},"end":{"line":230,"column":37}},{"start":{"line":230,"column":35},"end":{"line":230,"column":37}}]},"96":{"loc":{"start":{"line":231,"column":18},"end":{"line":231,"column":46}},"type":"cond-expr","locations":[{"start":{"line":231,"column":36},"end":{"line":231,"column":38}},{"start":{"line":231,"column":36},"end":{"line":231,"column":46}}]},"97":{"loc":{"start":{"line":231,"column":18},"end":{"line":231,"column":38}},"type":"binary-expr","locations":[{"start":{"line":231,"column":18},"end":{"line":231,"column":38}},{"start":{"line":231,"column":36},"end":{"line":231,"column":38}}]},"98":{"loc":{"start":{"line":242,"column":13},"end":{"line":242,"column":63}},"type":"cond-expr","locations":[{"start":{"line":242,"column":36},"end":{"line":242,"column":40}},{"start":{"line":242,"column":40},"end":{"line":242,"column":63}}]},"99":{"loc":{"start":{"line":242,"column":13},"end":{"line":242,"column":40}},"type":"binary-expr","locations":[{"start":{"line":242,"column":13},"end":{"line":242,"column":40}},{"start":{"line":242,"column":36},"end":{"line":242,"column":40}}]},"100":{"loc":{"start":{"line":242,"column":13},"end":{"line":242,"column":36}},"type":"cond-expr","locations":[{"start":{"line":242,"column":31},"end":{"line":242,"column":33}},{"start":{"line":242,"column":31},"end":{"line":242,"column":36}}]},"101":{"loc":{"start":{"line":242,"column":13},"end":{"line":242,"column":33}},"type":"binary-expr","locations":[{"start":{"line":242,"column":13},"end":{"line":242,"column":33}},{"start":{"line":242,"column":31},"end":{"line":242,"column":33}}]},"102":{"loc":{"start":{"line":243,"column":13},"end":{"line":243,"column":63}},"type":"cond-expr","locations":[{"start":{"line":243,"column":36},"end":{"line":243,"column":40}},{"start":{"line":243,"column":40},"end":{"line":243,"column":63}}]},"103":{"loc":{"start":{"line":243,"column":13},"end":{"line":243,"column":40}},"type":"binary-expr","locations":[{"start":{"line":243,"column":13},"end":{"line":243,"column":40}},{"start":{"line":243,"column":36},"end":{"line":243,"column":40}}]},"104":{"loc":{"start":{"line":243,"column":13},"end":{"line":243,"column":36}},"type":"cond-expr","locations":[{"start":{"line":243,"column":31},"end":{"line":243,"column":33}},{"start":{"line":243,"column":31},"end":{"line":243,"column":36}}]},"105":{"loc":{"start":{"line":243,"column":13},"end":{"line":243,"column":33}},"type":"binary-expr","locations":[{"start":{"line":243,"column":13},"end":{"line":243,"column":33}},{"start":{"line":243,"column":31},"end":{"line":243,"column":33}}]},"106":{"loc":{"start":{"line":244,"column":17},"end":{"line":244,"column":44}},"type":"cond-expr","locations":[{"start":{"line":244,"column":35},"end":{"line":244,"column":37}},{"start":{"line":244,"column":35},"end":{"line":244,"column":44}}]},"107":{"loc":{"start":{"line":244,"column":17},"end":{"line":244,"column":37}},"type":"binary-expr","locations":[{"start":{"line":244,"column":17},"end":{"line":244,"column":37}},{"start":{"line":244,"column":35},"end":{"line":244,"column":37}}]},"108":{"loc":{"start":{"line":245,"column":18},"end":{"line":245,"column":46}},"type":"cond-expr","locations":[{"start":{"line":245,"column":36},"end":{"line":245,"column":38}},{"start":{"line":245,"column":36},"end":{"line":245,"column":46}}]},"109":{"loc":{"start":{"line":245,"column":18},"end":{"line":245,"column":38}},"type":"binary-expr","locations":[{"start":{"line":245,"column":18},"end":{"line":245,"column":38}},{"start":{"line":245,"column":36},"end":{"line":245,"column":38}}]},"110":{"loc":{"start":{"line":251,"column":2},"end":{"line":282,"column":3}},"type":"if","locations":[{"start":{"line":251,"column":2},"end":{"line":282,"column":3}}]},"111":{"loc":{"start":{"line":286,"column":2},"end":{"line":294,"column":3}},"type":"switch","locations":[{"start":{"line":287,"column":4},"end":{"line":287,"column":31}},{"start":{"line":288,"column":4},"end":{"line":288,"column":31}},{"start":{"line":289,"column":4},"end":{"line":289,"column":28}},{"start":{"line":290,"column":4},"end":{"line":290,"column":34}},{"start":{"line":291,"column":4},"end":{"line":291,"column":32}},{"start":{"line":292,"column":4},"end":{"line":292,"column":28}},{"start":{"line":293,"column":4},"end":{"line":293,"column":24}}]},"112":{"loc":{"start":{"line":298,"column":2},"end":{"line":301,"column":3}},"type":"switch","locations":[{"start":{"line":299,"column":4},"end":{"line":299,"column":35}},{"start":{"line":300,"column":4},"end":{"line":300,"column":22}}]}},"s":{"0":2,"1":2,"2":10,"3":10,"4":2,"5":2,"6":8,"7":8,"8":8,"9":8,"10":8,"11":4,"12":4,"13":1,"14":1,"15":1,"16":1,"17":2,"18":2,"19":6,"20":6,"21":0,"22":0,"23":4,"24":4,"25":4,"26":4,"27":4,"28":1,"29":3,"30":1,"31":3,"32":1,"33":1,"34":3,"35":3,"36":1,"37":3,"38":1,"39":3,"40":1,"41":1,"42":3,"43":3,"44":1,"45":1,"46":1,"47":2,"48":2,"49":0,"50":0,"51":0,"52":0,"53":0,"54":0,"55":2,"56":0,"57":2},"f":{"0":10,"1":4,"2":4,"3":3,"4":3,"5":1,"6":3,"7":3,"8":3,"9":1,"10":3,"11":2,"12":2},"b":{"0":[2],"1":[10,10,8],"2":[8,0],"3":[0,8],"4":[8,8],"5":[0,0],"6":[8,0],"7":[0,8],"8":[8,8],"9":[8,5],"10":[0,8],"11":[8,8],"12":[8,0],"13":[0,8],"14":[8,8],"15":[8,5],"16":[0,8],"17":[8,8],"18":[8,3],"19":[8],"20":[8,8],"21":[4,1,1,2],"22":[4,2],"23":[3,1],"24":[4,4],"25":[1,3],"26":[4,4],"27":[3,1],"28":[4,4],"29":[1,3],"30":[4,4],"31":[1,3],"32":[4,4],"33":[1,3],"34":[4,4],"35":[3,1],"36":[4,4],"37":[1,3],"38":[4,4],"39":[3,1],"40":[4,4],"41":[1,3],"42":[4,4],"43":[1,3],"44":[4,4],"45":[1,3],"46":[4,4],"47":[1],"48":[3,0],"49":[3,3],"50":[0,3],"51":[3,3],"52":[3,0],"53":[3,3],"54":[0,3],"55":[3,3],"56":[0,3],"57":[3,3],"58":[0,3],"59":[3,3],"60":[3,0],"61":[3,3],"62":[0,3],"63":[3,3],"64":[3,0],"65":[3,3],"66":[0,3],"67":[3,3],"68":[0,3],"69":[3,3],"70":[0,3],"71":[3,3],"72":[1],"73":[1,1],"74":[1,0],"75":[1,1],"76":[1,1],"77":[1,0],"78":[1,1],"79":[1,1],"80":[1,0],"81":[1,1],"82":[1,1],"83":[1,0],"84":[1,1],"85":[1,0],"86":[3,0],"87":[3,3],"88":[0,3],"89":[3,3],"90":[3,0],"91":[3,3],"92":[0,3],"93":[3,3],"94":[0,3],"95":[3,3],"96":[0,3],"97":[3,3],"98":[3,0],"99":[3,3],"100":[0,3],"101":[3,3],"102":[3,0],"103":[3,3],"104":[0,3],"105":[3,3],"106":[0,3],"107":[3,3],"108":[0,3],"109":[3,3],"110":[1],"111":[2,0,0,0,0,0,0],"112":[0,2]}}
,"C:\\Users\\USER\\New4\\home\\lambda\\ui-generator\\index.ts": {"path":"C:\\Users\\USER\\New4\\home\\lambda\\ui-generator\\index.ts","statementMap":{"0":{"start":{"line":1,"column":0},"end":{"line":1,"column":29}},"1":{"start":{"line":12,"column":11},"end":{"line":12,"column":19}},"2":{"start":{"line":15,"column":18},"end":{"line":15,"column":49}},"3":{"start":{"line":16,"column":0},"end":{"line":20,"column":1}},"4":{"start":{"line":17,"column":2},"end":{"line":19,"column":12}},"5":{"start":{"line":17,"column":24},"end":{"line":19,"column":11}},"6":{"start":{"line":18,"column":19},"end":{"line":18,"column":38}},"7":{"start":{"line":25,"column":56},"end":{"line":32,"column":2}},"8":{"start":{"line":39,"column":31},"end":{"line":43,"column":4}},"9":{"start":{"line":46,"column":2},"end":{"line":63,"column":5}},"10":{"start":{"line":47,"column":23},"end":{"line":47,"column":59}},"11":{"start":{"line":48,"column":4},"end":{"line":51,"column":5}},"12":{"start":{"line":49,"column":6},"end":{"line":49,"column":78}},"13":{"start":{"line":50,"column":6},"end":{"line":50,"column":13}},"14":{"start":{"line":53,"column":29},"end":{"line":60,"column":6}},"15":{"start":{"line":62,"column":4},"end":{"line":62,"column":36}},"16":{"start":{"line":66,"column":18},"end":{"line":66,"column":30}},"17":{"start":{"line":68,"column":2},"end":{"line":75,"column":4}},"18":{"start":{"line":82,"column":17},"end":{"line":82,"column":38}},"19":{"start":{"line":83,"column":2},"end":{"line":85,"column":3}},"20":{"start":{"line":84,"column":4},"end":{"line":84,"column":62}},"21":{"start":{"line":87,"column":14},"end":{"line":87,"column":66}},"22":{"start":{"line":89,"column":2},"end":{"line":94,"column":15}},"23":{"start":{"line":100,"column":23},"end":{"line":171,"column":1}},"24":{"start":{"line":101,"column":2},"end":{"line":170,"column":3}},"25":{"start":{"line":102,"column":39},"end":{"line":102,"column":67}},"26":{"start":{"line":103,"column":19},"end":{"line":103,"column":63}},"27":{"start":{"line":105,"column":4},"end":{"line":110,"column":5}},"28":{"start":{"line":106,"column":6},"end":{"line":109,"column":8}},"29":{"start":{"line":113,"column":4},"end":{"line":121,"column":5}},"30":{"start":{"line":114,"column":6},"end":{"line":120,"column":8}},"31":{"start":{"line":124,"column":29},"end":{"line":124,"column":31}},"32":{"start":{"line":126,"column":4},"end":{"line":128,"column":5}},"33":{"start":{"line":127,"column":6},"end":{"line":127,"column":49}},"34":{"start":{"line":129,"column":4},"end":{"line":131,"column":5}},"35":{"start":{"line":130,"column":6},"end":{"line":130,"column":51}},"36":{"start":{"line":132,"column":4},"end":{"line":134,"column":5}},"37":{"start":{"line":133,"column":6},"end":{"line":133,"column":50}},"38":{"start":{"line":136,"column":4},"end":{"line":144,"column":5}},"39":{"start":{"line":137,"column":6},"end":{"line":143,"column":8}},"40":{"start":{"line":147,"column":19},"end":{"line":147,"column":55}},"41":{"start":{"line":150,"column":4},"end":{"line":150,"column":63}},"42":{"start":{"line":152,"column":4},"end":{"line":159,"column":6}},"43":{"start":{"line":162,"column":4},"end":{"line":162,"column":60}},"44":{"start":{"line":163,"column":4},"end":{"line":169,"column":6}},"45":{"start":{"line":100,"column":13},"end":{"line":100,"column":23}}},"fnMap":{"0":{"name":"(anonymous_0)","decl":{"start":{"line":17,"column":17},"end":{"line":17,"column":20}},"loc":{"start":{"line":17,"column":24},"end":{"line":19,"column":11}}},"1":{"name":"(anonymous_1)","decl":{"start":{"line":18,"column":13},"end":{"line":18,"column":16}},"loc":{"start":{"line":18,"column":19},"end":{"line":18,"column":38}}},"2":{"name":"generateUiLayout","decl":{"start":{"line":37,"column":15},"end":{"line":37,"column":31}},"loc":{"start":{"line":37,"column":52},"end":{"line":76,"column":1}}},"3":{"name":"(anonymous_3)","decl":{"start":{"line":46,"column":28},"end":{"line":46,"column":37}},"loc":{"start":{"line":46,"column":40},"end":{"line":63,"column":3}}},"4":{"name":"storeUiLayout","decl":{"start":{"line":81,"column":15},"end":{"line":81,"column":28}},"loc":{"start":{"line":81,"column":79},"end":{"line":95,"column":1}}},"5":{"name":"(anonymous_5)","decl":{"start":{"line":100,"column":23},"end":{"line":100,"column":28}},"loc":{"start":{"line":100,"column":93},"end":{"line":171,"column":1}}}},"branchMap":{"0":{"loc":{"start":{"line":16,"column":0},"end":{"line":20,"column":1}},"type":"if","locations":[{"start":{"line":16,"column":0},"end":{"line":20,"column":1}}]},"1":{"loc":{"start":{"line":41,"column":11},"end":{"line":41,"column":63}},"type":"binary-expr","locations":[{"start":{"line":41,"column":11},"end":{"line":41,"column":32}},{"start":{"line":41,"column":36},"end":{"line":41,"column":63}}]},"2":{"loc":{"start":{"line":41,"column":11},"end":{"line":41,"column":32}},"type":"cond-expr","locations":[{"start":{"line":41,"column":26},"end":{"line":41,"column":28}},{"start":{"line":41,"column":26},"end":{"line":41,"column":32}}]},"3":{"loc":{"start":{"line":41,"column":11},"end":{"line":41,"column":28}},"type":"binary-expr","locations":[{"start":{"line":41,"column":11},"end":{"line":41,"column":28}},{"start":{"line":41,"column":26},"end":{"line":41,"column":28}}]},"4":{"loc":{"start":{"line":48,"column":4},"end":{"line":51,"column":5}},"type":"if","locations":[{"start":{"line":48,"column":4},"end":{"line":51,"column":5}}]},"5":{"loc":{"start":{"line":57,"column":15},"end":{"line":57,"column":68}},"type":"binary-expr","locations":[{"start":{"line":57,"column":15},"end":{"line":57,"column":29}},{"start":{"line":57,"column":33},"end":{"line":57,"column":68}}]},"6":{"loc":{"start":{"line":83,"column":2},"end":{"line":85,"column":3}},"type":"if","locations":[{"start":{"line":83,"column":2},"end":{"line":85,"column":3}}]},"7":{"loc":{"start":{"line":102,"column":50},"end":{"line":102,"column":66}},"type":"binary-expr","locations":[{"start":{"line":102,"column":50},"end":{"line":102,"column":60}},{"start":{"line":102,"column":64},"end":{"line":102,"column":66}}]},"8":{"loc":{"start":{"line":103,"column":19},"end":{"line":103,"column":63}},"type":"cond-expr","locations":[{"start":{"line":103,"column":58},"end":{"line":103,"column":60}},{"start":{"line":103,"column":58},"end":{"line":103,"column":63}}]},"9":{"loc":{"start":{"line":103,"column":19},"end":{"line":103,"column":60}},"type":"binary-expr","locations":[{"start":{"line":103,"column":19},"end":{"line":103,"column":60}},{"start":{"line":103,"column":58},"end":{"line":103,"column":60}}]},"10":{"loc":{"start":{"line":103,"column":19},"end":{"line":103,"column":58}},"type":"cond-expr","locations":[{"start":{"line":103,"column":50},"end":{"line":103,"column":52}},{"start":{"line":103,"column":50},"end":{"line":103,"column":58}}]},"11":{"loc":{"start":{"line":103,"column":19},"end":{"line":103,"column":52}},"type":"binary-expr","locations":[{"start":{"line":103,"column":19},"end":{"line":103,"column":52}},{"start":{"line":103,"column":50},"end":{"line":103,"column":52}}]},"12":{"loc":{"start":{"line":105,"column":4},"end":{"line":110,"column":5}},"type":"if","locations":[{"start":{"line":105,"column":4},"end":{"line":110,"column":5}}]},"13":{"loc":{"start":{"line":113,"column":4},"end":{"line":121,"column":5}},"type":"if","locations":[{"start":{"line":113,"column":4},"end":{"line":121,"column":5}}]},"14":{"loc":{"start":{"line":113,"column":8},"end":{"line":113,"column":57}},"type":"binary-expr","locations":[{"start":{"line":113,"column":8},"end":{"line":113,"column":21}},{"start":{"line":113,"column":25},"end":{"line":113,"column":57}}]},"15":{"loc":{"start":{"line":126,"column":4},"end":{"line":128,"column":5}},"type":"if","locations":[{"start":{"line":126,"column":4},"end":{"line":128,"column":5}}]},"16":{"loc":{"start":{"line":126,"column":8},"end":{"line":126,"column":75}},"type":"binary-expr","locations":[{"start":{"line":126,"column":8},"end":{"line":126,"column":30}},{"start":{"line":126,"column":34},"end":{"line":126,"column":75}}]},"17":{"loc":{"start":{"line":129,"column":4},"end":{"line":131,"column":5}},"type":"if","locations":[{"start":{"line":129,"column":4},"end":{"line":131,"column":5}}]},"18":{"loc":{"start":{"line":129,"column":8},"end":{"line":129,"column":79}},"type":"binary-expr","locations":[{"start":{"line":129,"column":8},"end":{"line":129,"column":32}},{"start":{"line":129,"column":36},"end":{"line":129,"column":79}}]},"19":{"loc":{"start":{"line":132,"column":4},"end":{"line":134,"column":5}},"type":"if","locations":[{"start":{"line":132,"column":4},"end":{"line":134,"column":5}}]},"20":{"loc":{"start":{"line":136,"column":4},"end":{"line":144,"column":5}},"type":"if","locations":[{"start":{"line":136,"column":4},"end":{"line":144,"column":5}}]},"21":{"loc":{"start":{"line":167,"column":17},"end":{"line":167,"column":73}},"type":"cond-expr","locations":[{"start":{"line":167,"column":42},"end":{"line":167,"column":55}},{"start":{"line":167,"column":58},"end":{"line":167,"column":73}}]}},"s":{"0":2,"1":2,"2":2,"3":2,"4":2,"5":3,"6":3,"7":2,"8":3,"9":3,"10":5,"11":5,"12":1,"13":1,"14":4,"15":4,"16":3,"17":3,"18":3,"19":3,"20":0,"21":3,"22":3,"23":2,"24":6,"25":6,"26":6,"27":6,"28":2,"29":4,"30":0,"31":4,"32":4,"33":1,"34":4,"35":0,"36":4,"37":0,"38":4,"39":1,"40":3,"41":3,"42":3,"43":0,"44":0,"45":2},"f":{"0":3,"1":3,"2":3,"3":5,"4":3,"5":6},"b":{"0":[2],"1":[3,0],"2":[0,3],"3":[3,3],"4":[1],"5":[4,0],"6":[0],"7":[6,0],"8":[2,4],"9":[6,6],"10":[2,4],"11":[6,6],"12":[2],"13":[0],"14":[4,4],"15":[1],"16":[4,3],"17":[0],"18":[4,4],"19":[0],"20":[1],"21":[0,0]}}
,"C:\\Users\\USER\\New4\\home\\lambda\\ui-generator\\utils\\validateLayout.ts": {"path":"C:\\Users\\USER\\New4\\home\\lambda\\ui-generator\\utils\\validateLayout.ts","statementMap":{"0":{"start":{"line":4,"column":0},"end":{"line":4,"column":16}},"1":{"start":{"line":6,"column":2},"end":{"line":8,"column":3}},"2":{"start":{"line":7,"column":4},"end":{"line":7,"column":50}},"3":{"start":{"line":11,"column":2},"end":{"line":13,"column":3}},"4":{"start":{"line":12,"column":4},"end":{"line":12,"column":63}},"5":{"start":{"line":16,"column":2},"end":{"line":18,"column":3}},"6":{"start":{"line":17,"column":4},"end":{"line":17,"column":56}},"7":{"start":{"line":21,"column":2},"end":{"line":21,"column":41}},"8":{"start":{"line":25,"column":2},"end":{"line":27,"column":3}},"9":{"start":{"line":26,"column":4},"end":{"line":26,"column":64}},"10":{"start":{"line":28,"column":2},"end":{"line":30,"column":3}},"11":{"start":{"line":29,"column":4},"end":{"line":29,"column":66}},"12":{"start":{"line":31,"column":2},"end":{"line":33,"column":3}},"13":{"start":{"line":32,"column":4},"end":{"line":32,"column":74}},"14":{"start":{"line":35,"column":2},"end":{"line":35,"column":98}},"15":{"start":{"line":35,"column":50},"end":{"line":35,"column":96}},"16":{"start":{"line":39,"column":2},"end":{"line":41,"column":3}},"17":{"start":{"line":40,"column":4},"end":{"line":40,"column":87}},"18":{"start":{"line":42,"column":2},"end":{"line":44,"column":3}},"19":{"start":{"line":43,"column":4},"end":{"line":43,"column":94}},"20":{"start":{"line":45,"column":2},"end":{"line":47,"column":3}},"21":{"start":{"line":46,"column":4},"end":{"line":46,"column":91}},"22":{"start":{"line":50,"column":21},"end":{"line":50,"column":91}},"23":{"start":{"line":51,"column":2},"end":{"line":53,"column":3}},"24":{"start":{"line":52,"column":4},"end":{"line":52,"column":103}},"25":{"start":{"line":58,"column":2},"end":{"line":60,"column":3}},"26":{"start":{"line":59,"column":4},"end":{"line":59,"column":68}},"27":{"start":{"line":61,"column":2},"end":{"line":63,"column":3}},"28":{"start":{"line":62,"column":4},"end":{"line":62,"column":69}},"29":{"start":{"line":66,"column":21},"end":{"line":66,"column":86}},"30":{"start":{"line":67,"column":2},"end":{"line":69,"column":3}},"31":{"start":{"line":68,"column":4},"end":{"line":68,"column":87}},"32":{"start":{"line":72,"column":2},"end":{"line":77,"column":3}},"33":{"start":{"line":73,"column":4},"end":{"line":75,"column":5}},"34":{"start":{"line":74,"column":6},"end":{"line":74,"column":77}},"35":{"start":{"line":76,"column":4},"end":{"line":76,"column":81}},"36":{"start":{"line":76,"column":56},"end":{"line":76,"column":79}},"37":{"start":{"line":81,"column":2},"end":{"line":83,"column":3}},"38":{"start":{"line":82,"column":4},"end":{"line":82,"column":58}},"39":{"start":{"line":85,"column":2},"end":{"line":108,"column":3}},"40":{"start":{"line":86,"column":4},"end":{"line":88,"column":5}},"41":{"start":{"line":87,"column":6},"end":{"line":87,"column":70}},"42":{"start":{"line":89,"column":4},"end":{"line":91,"column":5}},"43":{"start":{"line":90,"column":6},"end":{"line":90,"column":72}},"44":{"start":{"line":92,"column":4},"end":{"line":107,"column":5}},"45":{"start":{"line":93,"column":21},"end":{"line":93,"column":39}},"46":{"start":{"line":94,"column":6},"end":{"line":97,"column":7}},"47":{"start":{"line":96,"column":8},"end":{"line":96,"column":79}},"48":{"start":{"line":98,"column":6},"end":{"line":100,"column":7}},"49":{"start":{"line":99,"column":8},"end":{"line":99,"column":98}},"50":{"start":{"line":101,"column":6},"end":{"line":103,"column":7}},"51":{"start":{"line":102,"column":8},"end":{"line":102,"column":76}},"52":{"start":{"line":104,"column":6},"end":{"line":106,"column":7}},"53":{"start":{"line":105,"column":8},"end":{"line":105,"column":77}}},"fnMap":{"0":{"name":"validateLayout","decl":{"start":{"line":4,"column":16},"end":{"line":4,"column":30}},"loc":{"start":{"line":4,"column":47},"end":{"line":22,"column":1}}},"1":{"name":"validateScreen","decl":{"start":{"line":24,"column":9},"end":{"line":24,"column":23}},"loc":{"start":{"line":24,"column":55},"end":{"line":36,"column":1}}},"2":{"name":"(anonymous_2)","decl":{"start":{"line":35,"column":25},"end":{"line":35,"column":26}},"loc":{"start":{"line":35,"column":50},"end":{"line":35,"column":96}}},"3":{"name":"validateWidget","decl":{"start":{"line":38,"column":9},"end":{"line":38,"column":23}},"loc":{"start":{"line":38,"column":73},"end":{"line":54,"column":1}}},"4":{"name":"validateComponent","decl":{"start":{"line":56,"column":9},"end":{"line":56,"column":26}},"loc":{"start":{"line":56,"column":56},"end":{"line":78,"column":1}}},"5":{"name":"(anonymous_5)","decl":{"start":{"line":76,"column":33},"end":{"line":76,"column":34}},"loc":{"start":{"line":76,"column":56},"end":{"line":76,"column":79}}},"6":{"name":"validateMeasurements","decl":{"start":{"line":80,"column":9},"end":{"line":80,"column":29}},"loc":{"start":{"line":80,"column":63},"end":{"line":109,"column":1}}}},"branchMap":{"0":{"loc":{"start":{"line":6,"column":2},"end":{"line":8,"column":3}},"type":"if","locations":[{"start":{"line":6,"column":2},"end":{"line":8,"column":3}}]},"1":{"loc":{"start":{"line":11,"column":2},"end":{"line":13,"column":3}},"type":"if","locations":[{"start":{"line":11,"column":2},"end":{"line":13,"column":3}}]},"2":{"loc":{"start":{"line":11,"column":6},"end":{"line":11,"column":51}},"type":"binary-expr","locations":[{"start":{"line":11,"column":6},"end":{"line":11,"column":22}},{"start":{"line":11,"column":26},"end":{"line":11,"column":51}}]},"3":{"loc":{"start":{"line":16,"column":2},"end":{"line":18,"column":3}},"type":"if","locations":[{"start":{"line":16,"column":2},"end":{"line":18,"column":3}}]},"4":{"loc":{"start":{"line":16,"column":6},"end":{"line":16,"column":55}},"type":"binary-expr","locations":[{"start":{"line":16,"column":6},"end":{"line":16,"column":21}},{"start":{"line":16,"column":25},"end":{"line":16,"column":55}}]},"5":{"loc":{"start":{"line":25,"column":2},"end":{"line":27,"column":3}},"type":"if","locations":[{"start":{"line":25,"column":2},"end":{"line":27,"column":3}}]},"6":{"loc":{"start":{"line":28,"column":2},"end":{"line":30,"column":3}},"type":"if","locations":[{"start":{"line":28,"column":2},"end":{"line":30,"column":3}}]},"7":{"loc":{"start":{"line":31,"column":2},"end":{"line":33,"column":3}},"type":"if","locations":[{"start":{"line":31,"column":2},"end":{"line":33,"column":3}}]},"8":{"loc":{"start":{"line":31,"column":6},"end":{"line":31,"column":55}},"type":"binary-expr","locations":[{"start":{"line":31,"column":6},"end":{"line":31,"column":21}},{"start":{"line":31,"column":25},"end":{"line":31,"column":55}}]},"9":{"loc":{"start":{"line":39,"column":2},"end":{"line":41,"column":3}},"type":"if","locations":[{"start":{"line":39,"column":2},"end":{"line":41,"column":3}}]},"10":{"loc":{"start":{"line":42,"column":2},"end":{"line":44,"column":3}},"type":"if","locations":[{"start":{"line":42,"column":2},"end":{"line":44,"column":3}}]},"11":{"loc":{"start":{"line":45,"column":2},"end":{"line":47,"column":3}},"type":"if","locations":[{"start":{"line":45,"column":2},"end":{"line":47,"column":3}}]},"12":{"loc":{"start":{"line":51,"column":2},"end":{"line":53,"column":3}},"type":"if","locations":[{"start":{"line":51,"column":2},"end":{"line":53,"column":3}}]},"13":{"loc":{"start":{"line":58,"column":2},"end":{"line":60,"column":3}},"type":"if","locations":[{"start":{"line":58,"column":2},"end":{"line":60,"column":3}}]},"14":{"loc":{"start":{"line":61,"column":2},"end":{"line":63,"column":3}},"type":"if","locations":[{"start":{"line":61,"column":2},"end":{"line":63,"column":3}}]},"15":{"loc":{"start":{"line":67,"column":2},"end":{"line":69,"column":3}},"type":"if","locations":[{"start":{"line":67,"column":2},"end":{"line":69,"column":3}}]},"16":{"loc":{"start":{"line":72,"column":2},"end":{"line":77,"column":3}},"type":"if","locations":[{"start":{"line":72,"column":2},"end":{"line":77,"column":3}}]},"17":{"loc":{"start":{"line":73,"column":4},"end":{"line":75,"column":5}},"type":"if","locations":[{"start":{"line":73,"column":4},"end":{"line":75,"column":5}}]},"18":{"loc":{"start":{"line":81,"column":2},"end":{"line":83,"column":3}},"type":"if","locations":[{"start":{"line":81,"column":2},"end":{"line":83,"column":3}}]},"19":{"loc":{"start":{"line":81,"column":6},"end":{"line":81,"column":55}},"type":"binary-expr","locations":[{"start":{"line":81,"column":6},"end":{"line":81,"column":19}},{"start":{"line":81,"column":23},"end":{"line":81,"column":55}}]},"20":{"loc":{"start":{"line":86,"column":4},"end":{"line":88,"column":5}},"type":"if","locations":[{"start":{"line":86,"column":4},"end":{"line":88,"column":5}}]},"21":{"loc":{"start":{"line":86,"column":8},"end":{"line":86,"column":55}},"type":"binary-expr","locations":[{"start":{"line":86,"column":8},"end":{"line":86,"column":20}},{"start":{"line":86,"column":24},"end":{"line":86,"column":55}}]},"22":{"loc":{"start":{"line":89,"column":4},"end":{"line":91,"column":5}},"type":"if","locations":[{"start":{"line":89,"column":4},"end":{"line":91,"column":5}}]},"23":{"loc":{"start":{"line":89,"column":8},"end":{"line":89,"column":65}},"type":"binary-expr","locations":[{"start":{"line":89,"column":8},"end":{"line":89,"column":25}},{"start":{"line":89,"column":29},"end":{"line":89,"column":65}}]},"24":{"loc":{"start":{"line":92,"column":4},"end":{"line":107,"column":5}},"type":"if","locations":[{"start":{"line":92,"column":4},"end":{"line":107,"column":5}}]},"25":{"loc":{"start":{"line":94,"column":6},"end":{"line":97,"column":7}},"type":"if","locations":[{"start":{"line":94,"column":6},"end":{"line":97,"column":7}}]},"26":{"loc":{"start":{"line":94,"column":10},"end":{"line":95,"column":83}},"type":"binary-expr","locations":[{"start":{"line":94,"column":10},"end":{"line":94,"column":40}},{"start":{"line":94,"column":44},"end":{"line":94,"column":74}},{"start":{"line":95,"column":10},"end":{"line":95,"column":44}},{"start":{"line":95,"column":48},"end":{"line":95,"column":83}}]},"27":{"loc":{"start":{"line":98,"column":6},"end":{"line":100,"column":7}},"type":"if","locations":[{"start":{"line":98,"column":6},"end":{"line":100,"column":7}}]},"28":{"loc":{"start":{"line":101,"column":6},"end":{"line":103,"column":7}},"type":"if","locations":[{"start":{"line":101,"column":6},"end":{"line":103,"column":7}}]},"29":{"loc":{"start":{"line":101,"column":10},"end":{"line":101,"column":70}},"type":"binary-expr","locations":[{"start":{"line":101,"column":10},"end":{"line":101,"column":38}},{"start":{"line":101,"column":42},"end":{"line":101,"column":70}}]},"30":{"loc":{"start":{"line":104,"column":6},"end":{"line":106,"column":7}},"type":"if","locations":[{"start":{"line":104,"column":6},"end":{"line":106,"column":7}}]},"31":{"loc":{"start":{"line":104,"column":10},"end":{"line":104,"column":76}},"type":"binary-expr","locations":[{"start":{"line":104,"column":10},"end":{"line":104,"column":43}},{"start":{"line":104,"column":47},"end":{"line":104,"column":76}}]}},"s":{"0":3,"1":10,"2":0,"3":10,"4":1,"5":9,"6":0,"7":9,"8":9,"9":0,"10":9,"11":0,"12":9,"13":0,"14":9,"15":22,"16":22,"17":0,"18":22,"19":0,"20":22,"21":0,"22":22,"23":22,"24":1,"25":0,"26":0,"27":0,"28":0,"29":0,"30":0,"31":0,"32":0,"33":0,"34":0,"35":0,"36":0,"37":0,"38":0,"39":0,"40":0,"41":0,"42":0,"43":0,"44":0,"45":0,"46":0,"47":0,"48":0,"49":0,"50":0,"51":0,"52":0,"53":0},"f":{"0":10,"1":9,"2":22,"3":22,"4":0,"5":0,"6":0},"b":{"0":[0],"1":[1],"2":[10,10],"3":[0],"4":[9,9],"5":[0],"6":[0],"7":[0],"8":[9,9],"9":[0],"10":[0],"11":[0],"12":[1],"13":[0],"14":[0],"15":[0],"16":[0],"17":[0],"18":[0],"19":[0,0],"20":[0],"21":[0,0],"22":[0],"23":[0,0],"24":[0],"25":[0],"26":[0,0,0,0],"27":[0],"28":[0],"29":[0,0],"30":[0],"31":[0,0]}}
}
