TN:
SF:device-to-ui-layout.ts
FN:5,convertDeviceToUI
FN:74,addEnergyMeterComponents
FN:79,(anonymous_2)
FN:120,(anonymous_3)
FN:139,(anonymous_4)
FN:153,addIrrigationComponents
FN:156,(anonymous_6)
FN:186,(anonymous_7)
FN:202,(anonymous_8)
FN:214,addEnvironmentSensorComponents
FN:219,(anonymous_10)
FN:285,getMaxValueForType
FN:297,getMinValueForType
FNF:13
FNH:13
FNDA:10,convertDeviceToUI
FNDA:4,addEnergyMeterComponents
FNDA:4,(anonymous_2)
FNDA:3,(anonymous_3)
FNDA:3,(anonymous_4)
FNDA:1,addIrrigationComponents
FNDA:3,(anonymous_6)
FNDA:3,(anonymous_7)
FNDA:3,(anonymous_8)
FNDA:1,addEnvironmentSensorComponents
FNDA:3,(anonymous_10)
FNDA:2,getMaxValueForType
FNDA:2,getMinValueForType
DA:3,2
DA:5,2
DA:6,10
DA:8,10
DA:9,2
DA:10,2
DA:14,8
DA:28,8
DA:36,8
DA:47,8
DA:48,8
DA:50,4
DA:51,4
DA:53,1
DA:54,1
DA:56,1
DA:57,1
DA:60,2
DA:61,2
DA:66,6
DA:67,6
DA:69,0
DA:70,0
DA:76,4
DA:79,4
DA:81,4
DA:96,4
DA:111,4
DA:113,1
DA:120,3
DA:133,1
DA:139,3
DA:155,1
DA:156,1
DA:158,3
DA:169,3
DA:181,1
DA:186,3
DA:198,1
DA:202,3
DA:216,1
DA:219,1
DA:221,3
DA:236,3
DA:251,1
DA:253,1
DA:268,1
DA:286,2
DA:287,2
DA:288,0
DA:289,0
DA:290,0
DA:291,0
DA:292,0
DA:293,0
DA:298,2
DA:299,0
DA:300,2
LF:58
LH:49
BRDA:8,0,0,2
BRDA:8,1,0,10
BRDA:8,1,1,10
BRDA:8,1,2,8
BRDA:16,2,0,8
BRDA:16,2,1,0
BRDA:16,3,0,0
BRDA:16,3,1,8
BRDA:16,4,0,8
BRDA:16,4,1,8
BRDA:16,5,0,0
BRDA:16,5,1,0
BRDA:21,6,0,8
BRDA:21,6,1,0
BRDA:21,7,0,0
BRDA:21,7,1,8
BRDA:21,8,0,8
BRDA:21,8,1,8
BRDA:22,9,0,8
BRDA:22,9,1,5
BRDA:22,10,0,0
BRDA:22,10,1,8
BRDA:22,11,0,8
BRDA:22,11,1,8
BRDA:30,12,0,8
BRDA:30,12,1,0
BRDA:30,13,0,0
BRDA:30,13,1,8
BRDA:30,14,0,8
BRDA:30,14,1,8
BRDA:32,15,0,8
BRDA:32,15,1,5
BRDA:32,16,0,0
BRDA:32,16,1,8
BRDA:32,17,0,8
BRDA:32,17,1,8
BRDA:39,18,0,8
BRDA:39,18,1,3
BRDA:47,19,0,8
BRDA:47,20,0,8
BRDA:47,20,1,8
BRDA:48,21,0,4
BRDA:48,21,1,1
BRDA:48,21,2,1
BRDA:48,21,3,2
BRDA:76,22,0,4
BRDA:76,22,1,2
BRDA:88,23,0,3
BRDA:88,23,1,1
BRDA:88,24,0,4
BRDA:88,24,1,4
BRDA:88,25,0,1
BRDA:88,25,1,3
BRDA:88,26,0,4
BRDA:88,26,1,4
BRDA:89,27,0,3
BRDA:89,27,1,1
BRDA:89,28,0,4
BRDA:89,28,1,4
BRDA:89,29,0,1
BRDA:89,29,1,3
BRDA:89,30,0,4
BRDA:89,30,1,4
BRDA:90,31,0,1
BRDA:90,31,1,3
BRDA:90,32,0,4
BRDA:90,32,1,4
BRDA:91,33,0,1
BRDA:91,33,1,3
BRDA:91,34,0,4
BRDA:91,34,1,4
BRDA:102,35,0,3
BRDA:102,35,1,1
BRDA:102,36,0,4
BRDA:102,36,1,4
BRDA:102,37,0,1
BRDA:102,37,1,3
BRDA:102,38,0,4
BRDA:102,38,1,4
BRDA:103,39,0,3
BRDA:103,39,1,1
BRDA:103,40,0,4
BRDA:103,40,1,4
BRDA:103,41,0,1
BRDA:103,41,1,3
BRDA:103,42,0,4
BRDA:103,42,1,4
BRDA:104,43,0,1
BRDA:104,43,1,3
BRDA:104,44,0,4
BRDA:104,44,1,4
BRDA:105,45,0,1
BRDA:105,45,1,3
BRDA:105,46,0,4
BRDA:105,46,1,4
BRDA:111,47,0,1
BRDA:124,48,0,3
BRDA:124,48,1,0
BRDA:124,49,0,3
BRDA:124,49,1,3
BRDA:124,50,0,0
BRDA:124,50,1,3
BRDA:124,51,0,3
BRDA:124,51,1,3
BRDA:125,52,0,3
BRDA:125,52,1,0
BRDA:125,53,0,3
BRDA:125,53,1,3
BRDA:125,54,0,0
BRDA:125,54,1,3
BRDA:125,55,0,3
BRDA:125,55,1,3
BRDA:126,56,0,0
BRDA:126,56,1,3
BRDA:126,57,0,3
BRDA:126,57,1,3
BRDA:127,58,0,0
BRDA:127,58,1,3
BRDA:127,59,0,3
BRDA:127,59,1,3
BRDA:143,60,0,3
BRDA:143,60,1,0
BRDA:143,61,0,3
BRDA:143,61,1,3
BRDA:143,62,0,0
BRDA:143,62,1,3
BRDA:143,63,0,3
BRDA:143,63,1,3
BRDA:144,64,0,3
BRDA:144,64,1,0
BRDA:144,65,0,3
BRDA:144,65,1,3
BRDA:144,66,0,0
BRDA:144,66,1,3
BRDA:144,67,0,3
BRDA:144,67,1,3
BRDA:145,68,0,0
BRDA:145,68,1,3
BRDA:145,69,0,3
BRDA:145,69,1,3
BRDA:146,70,0,0
BRDA:146,70,1,3
BRDA:146,71,0,3
BRDA:146,71,1,3
BRDA:155,72,0,1
BRDA:191,73,0,1
BRDA:191,73,1,1
BRDA:191,74,0,1
BRDA:191,74,1,0
BRDA:191,75,0,1
BRDA:191,75,1,1
BRDA:192,76,0,1
BRDA:192,76,1,1
BRDA:192,77,0,1
BRDA:192,77,1,0
BRDA:192,78,0,1
BRDA:192,78,1,1
BRDA:207,79,0,1
BRDA:207,79,1,1
BRDA:207,80,0,1
BRDA:207,80,1,0
BRDA:207,81,0,1
BRDA:207,81,1,1
BRDA:208,82,0,1
BRDA:208,82,1,1
BRDA:208,83,0,1
BRDA:208,83,1,0
BRDA:208,84,0,1
BRDA:208,84,1,1
BRDA:216,85,0,1
BRDA:216,85,1,0
BRDA:228,86,0,3
BRDA:228,86,1,0
BRDA:228,87,0,3
BRDA:228,87,1,3
BRDA:228,88,0,0
BRDA:228,88,1,3
BRDA:228,89,0,3
BRDA:228,89,1,3
BRDA:229,90,0,3
BRDA:229,90,1,0
BRDA:229,91,0,3
BRDA:229,91,1,3
BRDA:229,92,0,0
BRDA:229,92,1,3
BRDA:229,93,0,3
BRDA:229,93,1,3
BRDA:230,94,0,0
BRDA:230,94,1,3
BRDA:230,95,0,3
BRDA:230,95,1,3
BRDA:231,96,0,0
BRDA:231,96,1,3
BRDA:231,97,0,3
BRDA:231,97,1,3
BRDA:242,98,0,3
BRDA:242,98,1,0
BRDA:242,99,0,3
BRDA:242,99,1,3
BRDA:242,100,0,0
BRDA:242,100,1,3
BRDA:242,101,0,3
BRDA:242,101,1,3
BRDA:243,102,0,3
BRDA:243,102,1,0
BRDA:243,103,0,3
BRDA:243,103,1,3
BRDA:243,104,0,0
BRDA:243,104,1,3
BRDA:243,105,0,3
BRDA:243,105,1,3
BRDA:244,106,0,0
BRDA:244,106,1,3
BRDA:244,107,0,3
BRDA:244,107,1,3
BRDA:245,108,0,0
BRDA:245,108,1,3
BRDA:245,109,0,3
BRDA:245,109,1,3
BRDA:251,110,0,1
BRDA:286,111,0,2
BRDA:286,111,1,0
BRDA:286,111,2,0
BRDA:286,111,3,0
BRDA:286,111,4,0
BRDA:286,111,5,0
BRDA:286,111,6,0
BRDA:298,112,0,0
BRDA:298,112,1,2
BRF:229
BRH:183
end_of_record
TN:
SF:index.ts
FN:17,(anonymous_0)
FN:18,(anonymous_1)
FN:37,generateUiLayout
FN:46,(anonymous_3)
FN:81,storeUiLayout
FN:100,(anonymous_5)
FNF:6
FNH:6
FNDA:3,(anonymous_0)
FNDA:3,(anonymous_1)
FNDA:3,generateUiLayout
FNDA:5,(anonymous_3)
FNDA:3,storeUiLayout
FNDA:6,(anonymous_5)
DA:1,2
DA:12,2
DA:15,2
DA:16,2
DA:17,3
DA:18,3
DA:25,2
DA:39,3
DA:46,3
DA:47,5
DA:48,5
DA:49,1
DA:50,1
DA:53,4
DA:62,4
DA:66,3
DA:68,3
DA:82,3
DA:83,3
DA:84,0
DA:87,3
DA:89,3
DA:100,2
DA:101,6
DA:102,6
DA:103,6
DA:105,6
DA:106,2
DA:113,4
DA:114,0
DA:124,4
DA:126,4
DA:127,1
DA:129,4
DA:130,0
DA:132,4
DA:133,0
DA:136,4
DA:137,1
DA:147,3
DA:150,3
DA:152,3
DA:162,0
DA:163,0
LF:44
LH:38
BRDA:16,0,0,2
BRDA:41,1,0,3
BRDA:41,1,1,0
BRDA:41,2,0,0
BRDA:41,2,1,3
BRDA:41,3,0,3
BRDA:41,3,1,3
BRDA:48,4,0,1
BRDA:57,5,0,4
BRDA:57,5,1,0
BRDA:83,6,0,0
BRDA:102,7,0,6
BRDA:102,7,1,0
BRDA:103,8,0,2
BRDA:103,8,1,4
BRDA:103,9,0,6
BRDA:103,9,1,6
BRDA:103,10,0,2
BRDA:103,10,1,4
BRDA:103,11,0,6
BRDA:103,11,1,6
BRDA:105,12,0,2
BRDA:113,13,0,0
BRDA:113,14,0,4
BRDA:113,14,1,4
BRDA:126,15,0,1
BRDA:126,16,0,4
BRDA:126,16,1,3
BRDA:129,17,0,0
BRDA:129,18,0,4
BRDA:129,18,1,4
BRDA:132,19,0,0
BRDA:136,20,0,1
BRDA:167,21,0,0
BRDA:167,21,1,0
BRF:35
BRH:25
end_of_record
TN:
SF:utils\validateLayout.ts
FN:4,validateLayout
FN:24,validateScreen
FN:35,(anonymous_2)
FN:38,validateWidget
FN:56,validateComponent
FN:76,(anonymous_5)
FN:80,validateMeasurements
FNF:7
FNH:4
FNDA:10,validateLayout
FNDA:9,validateScreen
FNDA:22,(anonymous_2)
FNDA:22,validateWidget
FNDA:0,validateComponent
FNDA:0,(anonymous_5)
FNDA:0,validateMeasurements
DA:4,3
DA:6,10
DA:7,0
DA:11,10
DA:12,1
DA:16,9
DA:17,0
DA:21,9
DA:25,9
DA:26,0
DA:28,9
DA:29,0
DA:31,9
DA:32,0
DA:35,22
DA:39,22
DA:40,0
DA:42,22
DA:43,0
DA:45,22
DA:46,0
DA:50,22
DA:51,22
DA:52,1
DA:58,0
DA:59,0
DA:61,0
DA:62,0
DA:66,0
DA:67,0
DA:68,0
DA:72,0
DA:73,0
DA:74,0
DA:76,0
DA:81,0
DA:82,0
DA:85,0
DA:86,0
DA:87,0
DA:89,0
DA:90,0
DA:92,0
DA:93,0
DA:94,0
DA:96,0
DA:98,0
DA:99,0
DA:101,0
DA:102,0
DA:104,0
DA:105,0
LF:52
LH:16
BRDA:6,0,0,0
BRDA:11,1,0,1
BRDA:11,2,0,10
BRDA:11,2,1,10
BRDA:16,3,0,0
BRDA:16,4,0,9
BRDA:16,4,1,9
BRDA:25,5,0,0
BRDA:28,6,0,0
BRDA:31,7,0,0
BRDA:31,8,0,9
BRDA:31,8,1,9
BRDA:39,9,0,0
BRDA:42,10,0,0
BRDA:45,11,0,0
BRDA:51,12,0,1
BRDA:58,13,0,0
BRDA:61,14,0,0
BRDA:67,15,0,0
BRDA:72,16,0,0
BRDA:73,17,0,0
BRDA:81,18,0,0
BRDA:81,19,0,0
BRDA:81,19,1,0
BRDA:86,20,0,0
BRDA:86,21,0,0
BRDA:86,21,1,0
BRDA:89,22,0,0
BRDA:89,23,0,0
BRDA:89,23,1,0
BRDA:92,24,0,0
BRDA:94,25,0,0
BRDA:94,26,0,0
BRDA:94,26,1,0
BRDA:94,26,2,0
BRDA:94,26,3,0
BRDA:98,27,0,0
BRDA:101,28,0,0
BRDA:101,29,0,0
BRDA:101,29,1,0
BRDA:104,30,0,0
BRDA:104,31,0,0
BRDA:104,31,1,0
BRF:43
BRH:8
end_of_record
